TN:
SF:/Users/eillihn/WebstormProjects/Angular-9-2020/src/polyfills.ts
FNF:0
FNH:0
LF:0
LH:0
BRF:0
BRH:0
end_of_record
TN:
SF:/Users/eillihn/WebstormProjects/Angular-9-2020/src/test.ts
FNF:0
FNH:0
DA:18,1
DA:23,1
DA:25,1
LF:3
LH:3
BRF:0
BRH:0
end_of_record
TN:
SF:/Users/eillihn/WebstormProjects/Angular-9-2020/src/app/app.component.ts
FN:15,(anonymous_0)
FN:18,(anonymous_1)
FN:23,(anonymous_2)
FN:27,(anonymous_3)
FNF:4
FNH:4
FNDA:1,(anonymous_0)
FNDA:1,(anonymous_1)
FNDA:1,(anonymous_2)
FNDA:1,(anonymous_3)
DA:11,1
DA:12,1
DA:15,1
DA:19,1
DA:20,1
DA:24,1
DA:28,1
DA:29,0
LF:8
LH:7
BRDA:28,0,0,0
BRDA:28,0,1,1
BRF:2
BRH:1
end_of_record
TN:
SF:/Users/eillihn/WebstormProjects/Angular-9-2020/src/app/core/index.ts
FNF:0
FNH:0
LF:0
LH:0
BRF:0
BRH:0
end_of_record
TN:
SF:/Users/eillihn/WebstormProjects/Angular-9-2020/src/app/core/@ngrx/index.ts
FNF:0
FNH:0
LF:0
LH:0
BRF:0
BRH:0
end_of_record
TN:
SF:/Users/eillihn/WebstormProjects/Angular-9-2020/src/app/core/@ngrx/cart/cart.actions.ts
FNF:0
FNH:0
DA:6,1
DA:10,1
DA:13,1
DA:17,1
DA:21,1
DA:25,1
DA:29,1
DA:32,1
DA:36,1
DA:40,1
DA:44,1
DA:48,1
DA:52,1
LF:13
LH:13
BRF:0
BRH:0
end_of_record
TN:
SF:/Users/eillihn/WebstormProjects/Angular-9-2020/src/app/core/@ngrx/cart/cart.effects.ts
FN:35,(anonymous_0)
FN:15,(anonymous_1)
FN:18,(anonymous_2)
FN:21,(anonymous_3)
FN:29,(anonymous_4)
FN:32,(anonymous_5)
FNF:6
FNH:0
FNDA:0,(anonymous_0)
FNDA:0,(anonymous_1)
FNDA:0,(anonymous_2)
FNDA:0,(anonymous_3)
FNDA:0,(anonymous_4)
FNDA:0,(anonymous_5)
DA:13,1
DA:15,0
DA:16,0
DA:18,0
DA:21,0
DA:22,0
DA:30,0
DA:32,0
DA:35,0
DA:36,0
DA:37,0
DA:38,0
LF:12
LH:1
BRF:0
BRH:0
end_of_record
TN:
SF:/Users/eillihn/WebstormProjects/Angular-9-2020/src/app/core/@ngrx/cart/cart.facade.ts
FN:22,(anonymous_0)
FN:30,(anonymous_1)
FN:34,(anonymous_2)
FN:38,(anonymous_3)
FN:42,(anonymous_4)
FN:46,(anonymous_5)
FN:50,(anonymous_6)
FN:54,(anonymous_7)
FNF:8
FNH:0
FNDA:0,(anonymous_0)
FNDA:0,(anonymous_1)
FNDA:0,(anonymous_2)
FNDA:0,(anonymous_3)
FNDA:0,(anonymous_4)
FNDA:0,(anonymous_5)
FNDA:0,(anonymous_6)
FNDA:0,(anonymous_7)
DA:16,1
DA:22,0
DA:23,0
DA:24,0
DA:25,0
DA:26,0
DA:31,0
DA:35,0
DA:39,0
DA:43,0
DA:47,0
DA:51,0
DA:55,0
LF:13
LH:1
BRF:0
BRH:0
end_of_record
TN:
SF:/Users/eillihn/WebstormProjects/Angular-9-2020/src/app/core/@ngrx/cart/cart.reducer.ts
FN:11,(anonymous_0)
FN:15,(anonymous_1)
FN:19,(anonymous_2)
FN:39,(anonymous_3)
FN:40,(anonymous_4)
FN:43,(anonymous_5)
FN:46,(anonymous_6)
FN:51,(anonymous_7)
FN:52,(anonymous_8)
FN:55,(anonymous_9)
FN:58,(anonymous_10)
FN:68,(anonymous_11)
FN:69,(anonymous_12)
FN:72,(anonymous_13)
FN:75,(anonymous_14)
FN:85,(anonymous_15)
FN:86,(anonymous_16)
FN:89,(anonymous_17)
FN:99,(anonymous_18)
FN:103,(anonymous_19)
FN:108,(anonymous_20)
FN:113,(anonymous_21)
FN:117,(anonymous_22)
FN:125,(anonymous_23)
FN:129,(anonymous_24)
FN:135,(anonymous_25)
FN:136,(anonymous_26)
FN:142,cartReducer
FNF:28
FNH:0
FNDA:0,(anonymous_0)
FNDA:0,(anonymous_1)
FNDA:0,(anonymous_2)
FNDA:0,(anonymous_3)
FNDA:0,(anonymous_4)
FNDA:0,(anonymous_5)
FNDA:0,(anonymous_6)
FNDA:0,(anonymous_7)
FNDA:0,(anonymous_8)
FNDA:0,(anonymous_9)
FNDA:0,(anonymous_10)
FNDA:0,(anonymous_11)
FNDA:0,(anonymous_12)
FNDA:0,(anonymous_13)
FNDA:0,(anonymous_14)
FNDA:0,(anonymous_15)
FNDA:0,(anonymous_16)
FNDA:0,(anonymous_17)
FNDA:0,(anonymous_18)
FNDA:0,(anonymous_19)
FNDA:0,(anonymous_20)
FNDA:0,(anonymous_21)
FNDA:0,(anonymous_22)
FNDA:0,(anonymous_23)
FNDA:0,(anonymous_24)
FNDA:0,(anonymous_25)
FNDA:0,(anonymous_26)
FNDA:0,cartReducer
DA:8,1
DA:9,1
DA:12,0
DA:13,0
DA:16,0
DA:17,0
DA:19,0
DA:20,0
DA:21,0
DA:22,0
DA:23,0
DA:24,0
DA:25,0
DA:26,0
DA:28,0
DA:29,0
DA:30,0
DA:34,0
DA:36,0
DA:39,0
DA:40,0
DA:44,0
DA:45,0
DA:46,0
DA:47,0
DA:48,0
DA:51,0
DA:52,0
DA:56,0
DA:57,0
DA:58,0
DA:59,0
DA:60,0
DA:61,0
DA:62,0
DA:63,0
DA:64,0
DA:65,0
DA:68,0
DA:69,0
DA:73,0
DA:74,0
DA:75,0
DA:76,0
DA:77,0
DA:78,0
DA:79,0
DA:80,0
DA:81,0
DA:82,0
DA:85,0
DA:86,0
DA:90,0
DA:91,0
DA:92,0
DA:100,0
DA:101,0
DA:104,0
DA:105,0
DA:106,0
DA:109,0
DA:110,0
DA:111,0
DA:114,0
DA:115,0
DA:118,0
DA:119,0
DA:120,0
DA:126,0
DA:127,0
DA:130,0
DA:131,0
DA:132,0
DA:135,0
DA:136,0
DA:143,0
LF:76
LH:2
BRDA:20,0,0,0
BRDA:20,0,1,0
BRF:2
BRH:0
end_of_record
TN:
SF:/Users/eillihn/WebstormProjects/Angular-9-2020/src/app/core/@ngrx/cart/cart.selectors.ts
FN:6,(anonymous_0)
FN:7,(anonymous_1)
FN:8,(anonymous_2)
FN:9,(anonymous_3)
FNF:4
FNH:0
FNDA:0,(anonymous_0)
FNDA:0,(anonymous_1)
FNDA:0,(anonymous_2)
FNDA:0,(anonymous_3)
DA:5,1
DA:6,1
DA:7,1
DA:8,1
DA:9,1
LF:5
LH:5
BRF:0
BRH:0
end_of_record
TN:
SF:/Users/eillihn/WebstormProjects/Angular-9-2020/src/app/core/@ngrx/cart/cart.state.ts
FNF:0
FNH:0
DA:12,1
LF:1
LH:1
BRF:0
BRH:0
end_of_record
TN:
SF:/Users/eillihn/WebstormProjects/Angular-9-2020/src/app/core/@ngrx/cart/index.ts
FNF:0
FNH:0
LF:0
LH:0
BRF:0
BRH:0
end_of_record
TN:
SF:/Users/eillihn/WebstormProjects/Angular-9-2020/src/app/core/@ngrx/products/index.ts
FNF:0
FNH:0
LF:0
LH:0
BRF:0
BRH:0
end_of_record
TN:
SF:/Users/eillihn/WebstormProjects/Angular-9-2020/src/app/core/@ngrx/products/products.actions.ts
FNF:0
FNH:0
DA:4,1
DA:7,1
DA:11,1
DA:15,1
DA:19,1
DA:23,1
DA:27,1
DA:31,1
DA:35,1
DA:39,1
DA:43,1
DA:47,1
DA:51,1
DA:55,1
DA:59,1
DA:63,1
LF:16
LH:16
BRF:0
BRH:0
end_of_record
TN:
SF:/Users/eillihn/WebstormProjects/Angular-9-2020/src/app/core/@ngrx/products/products.effects.ts
FN:104,(anonymous_0)
FN:16,(anonymous_1)
FN:19,(anonymous_2)
FN:23,(anonymous_3)
FN:24,(anonymous_4)
FN:29,(anonymous_5)
FN:33,(anonymous_6)
FN:37,(anonymous_7)
FN:40,(anonymous_8)
FN:46,(anonymous_9)
FN:50,(anonymous_10)
FN:54,(anonymous_11)
FN:57,(anonymous_12)
FN:63,(anonymous_13)
FN:67,(anonymous_14)
FN:71,(anonymous_15)
FN:74,(anonymous_16)
FN:80,(anonymous_17)
FN:84,(anonymous_18)
FN:88,(anonymous_19)
FN:91,(anonymous_20)
FN:97,(anonymous_21)
FN:100,(anonymous_22)
FNF:23
FNH:0
FNDA:0,(anonymous_0)
FNDA:0,(anonymous_1)
FNDA:0,(anonymous_2)
FNDA:0,(anonymous_3)
FNDA:0,(anonymous_4)
FNDA:0,(anonymous_5)
FNDA:0,(anonymous_6)
FNDA:0,(anonymous_7)
FNDA:0,(anonymous_8)
FNDA:0,(anonymous_9)
FNDA:0,(anonymous_10)
FNDA:0,(anonymous_11)
FNDA:0,(anonymous_12)
FNDA:0,(anonymous_13)
FNDA:0,(anonymous_14)
FNDA:0,(anonymous_15)
FNDA:0,(anonymous_16)
FNDA:0,(anonymous_17)
FNDA:0,(anonymous_18)
FNDA:0,(anonymous_19)
FNDA:0,(anonymous_20)
FNDA:0,(anonymous_21)
FNDA:0,(anonymous_22)
DA:14,1
DA:16,0
DA:17,0
DA:20,0
DA:23,0
DA:24,0
DA:29,0
DA:30,0
DA:34,0
DA:38,0
DA:40,0
DA:46,0
DA:47,0
DA:51,0
DA:55,0
DA:57,0
DA:63,0
DA:64,0
DA:68,0
DA:72,0
DA:74,0
DA:80,0
DA:81,0
DA:85,0
DA:89,0
DA:91,0
DA:97,0
DA:98,0
DA:100,0
DA:104,0
DA:105,0
DA:106,0
DA:108,0
LF:33
LH:1
BRF:0
BRH:0
end_of_record
TN:
SF:/Users/eillihn/WebstormProjects/Angular-9-2020/src/app/core/@ngrx/products/products.facade.ts
FN:21,(anonymous_0)
FN:28,(anonymous_1)
FN:32,(anonymous_2)
FN:36,(anonymous_3)
FN:40,(anonymous_4)
FN:44,(anonymous_5)
FN:48,(anonymous_6)
FNF:7
FNH:0
FNDA:0,(anonymous_0)
FNDA:0,(anonymous_1)
FNDA:0,(anonymous_2)
FNDA:0,(anonymous_3)
FNDA:0,(anonymous_4)
FNDA:0,(anonymous_5)
FNDA:0,(anonymous_6)
DA:15,1
DA:21,0
DA:22,0
DA:23,0
DA:24,0
DA:25,0
DA:29,0
DA:33,0
DA:37,0
DA:41,0
DA:45,0
DA:49,0
LF:12
LH:1
BRF:0
BRH:0
end_of_record
TN:
SF:/Users/eillihn/WebstormProjects/Angular-9-2020/src/app/core/@ngrx/products/products.reducer.ts
FN:8,(anonymous_0)
FN:15,(anonymous_1)
FN:20,(anonymous_2)
FN:29,(anonymous_3)
FN:33,(anonymous_4)
FN:37,(anonymous_5)
FN:43,(anonymous_6)
FN:50,(anonymous_7)
FN:57,(anonymous_8)
FN:61,(anonymous_9)
FN:65,(anonymous_10)
FN:74,productsReducer
FNF:12
FNH:0
FNDA:0,(anonymous_0)
FNDA:0,(anonymous_1)
FNDA:0,(anonymous_2)
FNDA:0,(anonymous_3)
FNDA:0,(anonymous_4)
FNDA:0,(anonymous_5)
FNDA:0,(anonymous_6)
FNDA:0,(anonymous_7)
FNDA:0,(anonymous_8)
FNDA:0,(anonymous_9)
FNDA:0,(anonymous_10)
FNDA:0,productsReducer
DA:6,1
DA:9,0
DA:10,0
DA:16,0
DA:17,0
DA:21,0
DA:22,0
DA:30,0
DA:31,0
DA:34,0
DA:35,0
DA:38,0
DA:39,0
DA:44,0
DA:45,0
DA:51,0
DA:52,0
DA:58,0
DA:59,0
DA:62,0
DA:63,0
DA:66,0
DA:67,0
DA:75,0
LF:24
LH:1
BRF:0
BRH:0
end_of_record
TN:
SF:/Users/eillihn/WebstormProjects/Angular-9-2020/src/app/core/@ngrx/products/products.selectors.ts
FN:8,(anonymous_0)
FN:9,(anonymous_1)
FN:16,(anonymous_2)
FN:25,(anonymous_3)
FNF:4
FNH:0
FNDA:0,(anonymous_0)
FNDA:0,(anonymous_1)
FNDA:0,(anonymous_2)
FNDA:0,(anonymous_3)
DA:7,1
DA:8,1
DA:9,1
DA:14,1
DA:16,1
DA:17,1
DA:22,1
DA:26,0
DA:27,0
DA:28,0
DA:30,0
LF:11
LH:7
BRDA:27,0,0,0
BRDA:27,0,1,0
BRF:2
BRH:0
end_of_record
TN:
SF:/Users/eillihn/WebstormProjects/Angular-9-2020/src/app/core/@ngrx/products/products.state.ts
FN:11,selectProductId
FN:15,sortProductsByName
FNF:2
FNH:0
FNDA:0,selectProductId
FNDA:0,sortProductsByName
DA:12,0
DA:16,0
DA:19,1
DA:24,1
LF:4
LH:2
BRF:0
BRH:0
end_of_record
TN:
SF:/Users/eillihn/WebstormProjects/Angular-9-2020/src/app/core/@ngrx/router/index.ts
FNF:0
FNH:0
LF:0
LH:0
BRF:0
BRH:0
end_of_record
TN:
SF:/Users/eillihn/WebstormProjects/Angular-9-2020/src/app/core/@ngrx/router/router.actions.ts
FNF:0
FNH:0
DA:4,1
DA:5,1
DA:6,1
LF:3
LH:3
BRF:0
BRH:0
end_of_record
TN:
SF:/Users/eillihn/WebstormProjects/Angular-9-2020/src/app/core/@ngrx/router/router.custom-serializer.ts
FN:6,(anonymous_0)
FNF:1
FNH:0
FNDA:0,(anonymous_0)
DA:7,0
DA:8,0
DA:9,0
DA:15,0
DA:17,0
DA:19,0
LF:6
LH:0
BRF:0
BRH:0
end_of_record
TN:
SF:/Users/eillihn/WebstormProjects/Angular-9-2020/src/app/core/@ngrx/router/router.effects.ts
FN:42,(anonymous_0)
FN:12,(anonymous_1)
FN:15,(anonymous_2)
FN:19,(anonymous_3)
FN:26,(anonymous_4)
FN:29,(anonymous_5)
FN:34,(anonymous_6)
FN:37,(anonymous_7)
FNF:8
FNH:0
FNDA:0,(anonymous_0)
FNDA:0,(anonymous_1)
FNDA:0,(anonymous_2)
FNDA:0,(anonymous_3)
FNDA:0,(anonymous_4)
FNDA:0,(anonymous_5)
FNDA:0,(anonymous_6)
FNDA:0,(anonymous_7)
DA:10,1
DA:11,0
DA:13,0
DA:16,0
DA:17,0
DA:20,0
DA:25,0
DA:27,0
DA:29,0
DA:33,0
DA:35,0
DA:37,0
DA:43,0
DA:44,0
DA:45,0
LF:15
LH:1
BRF:0
BRH:0
end_of_record
TN:
SF:/Users/eillihn/WebstormProjects/Angular-9-2020/src/app/core/@ngrx/router/router.facade.ts
FN:13,(anonymous_0)
FN:16,(anonymous_1)
FNF:2
FNH:0
FNDA:0,(anonymous_0)
FNDA:0,(anonymous_1)
DA:11,1
DA:13,0
DA:21,0
LF:3
LH:1
BRF:0
BRH:0
end_of_record
TN:
SF:/Users/eillihn/WebstormProjects/Angular-9-2020/src/app/core/@ngrx/router/router.reducer.ts
FNF:0
FNH:0
DA:6,1
LF:1
LH:1
BRF:0
BRH:0
end_of_record
TN:
SF:/Users/eillihn/WebstormProjects/Angular-9-2020/src/app/core/@ngrx/router/router.selectors.ts
FNF:0
FNH:0
DA:6,1
LF:1
LH:1
BRF:0
BRH:0
end_of_record
TN:
SF:/Users/eillihn/WebstormProjects/Angular-9-2020/src/app/core/guards/auth.guard.ts
FN:11,(anonymous_0)
FN:14,(anonymous_1)
FN:26,(anonymous_2)
FNF:3
FNH:0
FNDA:0,(anonymous_0)
FNDA:0,(anonymous_1)
FNDA:0,(anonymous_2)
DA:10,1
DA:11,0
DA:22,0
DA:23,0
DA:27,0
DA:28,0
DA:30,0
DA:31,0
LF:8
LH:1
BRDA:27,0,0,0
BRDA:27,0,1,0
BRF:2
BRH:0
end_of_record
TN:
SF:/Users/eillihn/WebstormProjects/Angular-9-2020/src/app/core/guards/can-deactivate.guard.ts
FN:13,(anonymous_0)
FNF:1
FNH:0
FNDA:0,(anonymous_0)
DA:11,1
DA:20,0
LF:2
LH:1
BRF:0
BRH:0
end_of_record
TN:
SF:/Users/eillihn/WebstormProjects/Angular-9-2020/src/app/core/guards/cart-state-preloading.guard.ts
FN:14,(anonymous_0)
FN:17,(anonymous_1)
FN:19,(anonymous_2)
FN:20,(anonymous_3)
FN:24,(anonymous_4)
FN:27,(anonymous_5)
FNF:6
FNH:0
FNDA:0,(anonymous_0)
FNDA:0,(anonymous_1)
FNDA:0,(anonymous_2)
FNDA:0,(anonymous_3)
FNDA:0,(anonymous_4)
FNDA:0,(anonymous_5)
DA:13,1
DA:14,0
DA:18,0
DA:19,0
DA:20,0
DA:25,0
DA:28,0
DA:29,0
LF:8
LH:1
BRDA:28,0,0,0
BRDA:28,0,1,0
BRF:2
BRH:0
end_of_record
TN:
SF:/Users/eillihn/WebstormProjects/Angular-9-2020/src/app/core/guards/check-products-store.function.ts
FN:7,checkProductsStore
FN:10,(anonymous_1)
FN:15,(anonymous_2)
FNF:3
FNH:0
FNDA:0,checkProductsStore
FNDA:0,(anonymous_1)
FNDA:0,(anonymous_2)
DA:8,0
DA:11,0
DA:12,0
DA:15,0
LF:4
LH:0
BRDA:11,0,0,0
BRDA:11,0,1,0
BRF:2
BRH:0
end_of_record
TN:
SF:/Users/eillihn/WebstormProjects/Angular-9-2020/src/app/core/guards/index.ts
FNF:0
FNH:0
LF:0
LH:0
BRF:0
BRH:0
end_of_record
TN:
SF:/Users/eillihn/WebstormProjects/Angular-9-2020/src/app/core/guards/orders-state-preloading.guard.ts
FN:14,(anonymous_0)
FN:19,(anonymous_1)
FN:21,(anonymous_2)
FN:22,(anonymous_3)
FN:26,(anonymous_4)
FN:28,(anonymous_5)
FNF:6
FNH:0
FNDA:0,(anonymous_0)
FNDA:0,(anonymous_1)
FNDA:0,(anonymous_2)
FNDA:0,(anonymous_3)
FNDA:0,(anonymous_4)
FNDA:0,(anonymous_5)
DA:11,1
DA:15,0
DA:20,0
DA:21,0
DA:22,0
DA:27,0
DA:29,0
DA:30,0
LF:8
LH:1
BRDA:29,0,0,0
BRDA:29,0,1,0
BRF:2
BRH:0
end_of_record
TN:
SF:/Users/eillihn/WebstormProjects/Angular-9-2020/src/app/core/guards/products-exists.guard.ts
FN:15,(anonymous_0)
FN:18,(anonymous_1)
FN:20,(anonymous_2)
FN:27,(anonymous_3)
FN:30,(anonymous_4)
FN:30,(anonymous_5)
FN:31,(anonymous_6)
FNF:7
FNH:0
FNDA:0,(anonymous_0)
FNDA:0,(anonymous_1)
FNDA:0,(anonymous_2)
FNDA:0,(anonymous_3)
FNDA:0,(anonymous_4)
FNDA:0,(anonymous_5)
FNDA:0,(anonymous_6)
DA:14,1
DA:15,0
DA:19,0
DA:21,0
DA:22,0
DA:28,0
DA:30,0
DA:32,0
DA:33,0
LF:9
LH:1
BRDA:32,0,0,0
BRDA:32,0,1,0
BRF:2
BRH:0
end_of_record
TN:
SF:/Users/eillihn/WebstormProjects/Angular-9-2020/src/app/core/guards/products-state-preloading.guard.ts
FN:15,(anonymous_0)
FN:18,(anonymous_1)
FN:20,(anonymous_2)
FN:21,(anonymous_3)
FNF:4
FNH:0
FNDA:0,(anonymous_0)
FNDA:0,(anonymous_1)
FNDA:0,(anonymous_2)
FNDA:0,(anonymous_3)
DA:14,1
DA:15,0
DA:19,0
DA:20,0
DA:21,0
LF:5
LH:1
BRF:0
BRH:0
end_of_record
TN:
SF:/Users/eillihn/WebstormProjects/Angular-9-2020/src/app/core/interceptors/index.ts
FNF:0
FNH:0
LF:0
LH:0
BRF:0
BRH:0
end_of_record
TN:
SF:/Users/eillihn/WebstormProjects/Angular-9-2020/src/app/core/interceptors/timing.interceptor.ts
FN:8,(anonymous_0)
FN:13,(anonymous_1)
FNF:2
FNH:0
FNDA:0,(anonymous_0)
FNDA:0,(anonymous_1)
DA:7,1
DA:9,0
DA:10,0
DA:11,0
DA:14,0
DA:15,0
DA:16,0
DA:20,0
LF:8
LH:1
BRDA:10,0,0,0
BRDA:10,0,1,0
BRDA:14,1,0,0
BRDA:14,1,1,0
BRF:4
BRH:0
end_of_record
TN:
SF:/Users/eillihn/WebstormProjects/Angular-9-2020/src/app/core/models/app-theme.model.ts
FN:1,(anonymous_0)
FNF:1
FNH:1
FNDA:1,(anonymous_0)
DA:1,1
DA:2,1
DA:3,1
LF:3
LH:3
BRDA:1,0,0,1
BRDA:1,0,1,1
BRF:2
BRH:2
end_of_record
TN:
SF:/Users/eillihn/WebstormProjects/Angular-9-2020/src/app/core/models/index.ts
FNF:0
FNH:0
LF:0
LH:0
BRF:0
BRH:0
end_of_record
TN:
SF:/Users/eillihn/WebstormProjects/Angular-9-2020/src/app/core/models/product-category.model.ts
FN:1,(anonymous_0)
FNF:1
FNH:1
FNDA:1,(anonymous_0)
DA:1,1
DA:2,1
DA:3,1
LF:3
LH:3
BRDA:1,0,0,1
BRDA:1,0,1,1
BRF:2
BRH:2
end_of_record
TN:
SF:/Users/eillihn/WebstormProjects/Angular-9-2020/src/app/core/services/app.settings.ts
FN:17,(anonymous_0)
FN:27,(anonymous_1)
FN:31,(anonymous_2)
FN:37,(anonymous_3)
FN:41,(anonymous_4)
FN:47,(anonymous_5)
FNF:6
FNH:2
FNDA:1,(anonymous_0)
FNDA:1,(anonymous_1)
FNDA:0,(anonymous_2)
FNDA:0,(anonymous_3)
FNDA:0,(anonymous_4)
FNDA:0,(anonymous_5)
DA:12,1
DA:13,1
DA:15,1
DA:17,1
DA:18,1
DA:19,1
DA:20,0
DA:22,1
DA:23,1
DA:28,1
DA:32,0
DA:33,0
DA:37,0
DA:42,0
DA:43,0
DA:44,0
DA:48,0
DA:49,0
DA:51,0
DA:55,0
LF:20
LH:9
BRDA:19,0,0,0
BRDA:19,0,1,1
BRDA:32,1,0,0
BRDA:32,1,1,0
BRDA:48,2,0,0
BRDA:48,2,1,0
BRF:6
BRH:1
end_of_record
TN:
SF:/Users/eillihn/WebstormProjects/Angular-9-2020/src/app/core/services/auth.service.ts
FN:9,(anonymous_0)
FN:13,(anonymous_1)
FN:16,(anonymous_2)
FN:20,(anonymous_3)
FNF:4
FNH:0
FNDA:0,(anonymous_0)
FNDA:0,(anonymous_1)
FNDA:0,(anonymous_2)
FNDA:0,(anonymous_3)
DA:9,1
DA:11,0
DA:14,0
DA:16,0
DA:21,0
LF:5
LH:1
BRF:0
BRH:0
end_of_record
TN:
SF:/Users/eillihn/WebstormProjects/Angular-9-2020/src/app/core/services/cart.service.ts
FN:10,(anonymous_0)
FN:13,(anonymous_1)
FN:16,(anonymous_2)
FN:25,(anonymous_3)
FNF:4
FNH:0
FNDA:0,(anonymous_0)
FNDA:0,(anonymous_1)
FNDA:0,(anonymous_2)
FNDA:0,(anonymous_3)
DA:8,1
DA:10,0
DA:14,0
DA:15,0
DA:16,0
DA:17,0
DA:22,0
DA:26,0
LF:8
LH:1
BRDA:15,0,0,0
BRDA:15,0,1,0
BRF:2
BRH:0
end_of_record
TN:
SF:/Users/eillihn/WebstormProjects/Angular-9-2020/src/app/core/services/config-options.service.ts
FN:9,(anonymous_0)
FN:12,(anonymous_1)
FN:16,(anonymous_2)
FNF:3
FNH:0
FNDA:0,(anonymous_0)
FNDA:0,(anonymous_1)
FNDA:0,(anonymous_2)
DA:6,1
DA:13,0
DA:17,0
LF:3
LH:1
BRF:0
BRH:0
end_of_record
TN:
SF:/Users/eillihn/WebstormProjects/Angular-9-2020/src/app/core/services/constant.service.ts
FNF:0
FNH:0
DA:5,1
DA:7,1
LF:2
LH:2
BRF:0
BRH:0
end_of_record
TN:
SF:/Users/eillihn/WebstormProjects/Angular-9-2020/src/app/core/services/dialog.service.ts
FN:8,(anonymous_0)
FNF:1
FNH:0
FNDA:0,(anonymous_0)
DA:7,1
DA:9,0
DA:10,0
LF:3
LH:1
BRDA:9,0,0,0
BRDA:9,0,1,0
BRF:2
BRH:0
end_of_record
TN:
SF:/Users/eillihn/WebstormProjects/Angular-9-2020/src/app/core/services/generator.service.ts
FN:11,(anonymous_0)
FN:18,(anonymous_1)
FN:24,GeneratorServiceNFactory
FNF:3
FNH:0
FNDA:0,(anonymous_0)
FNDA:0,(anonymous_1)
FNDA:0,GeneratorServiceNFactory
DA:3,1
DA:8,0
DA:11,0
DA:12,0
DA:19,0
DA:20,0
DA:25,0
LF:7
LH:1
BRDA:20,0,0,0
BRDA:20,0,1,0
BRF:2
BRH:0
end_of_record
TN:
SF:/Users/eillihn/WebstormProjects/Angular-9-2020/src/app/core/services/index.ts
FNF:0
FNH:0
LF:0
LH:0
BRF:0
BRH:0
end_of_record
TN:
SF:/Users/eillihn/WebstormProjects/Angular-9-2020/src/app/core/services/local-storage.service.ts
FN:5,(anonymous_0)
FN:8,(anonymous_1)
FN:12,(anonymous_2)
FN:16,(anonymous_3)
FNF:4
FNH:2
FNDA:1,(anonymous_0)
FNDA:0,(anonymous_1)
FNDA:1,(anonymous_2)
FNDA:0,(anonymous_3)
DA:4,1
DA:9,0
DA:13,1
DA:17,0
LF:4
LH:2
BRF:0
BRH:0
end_of_record
TN:
SF:/Users/eillihn/WebstormProjects/Angular-9-2020/src/app/core/services/order.service.ts
FN:11,(anonymous_0)
FN:17,(anonymous_1)
FN:26,(anonymous_2)
FN:30,(anonymous_3)
FN:34,(anonymous_4)
FN:40,(anonymous_5)
FNF:6
FNH:0
FNDA:0,(anonymous_0)
FNDA:0,(anonymous_1)
FNDA:0,(anonymous_2)
FNDA:0,(anonymous_3)
FNDA:0,(anonymous_4)
FNDA:0,(anonymous_5)
DA:10,1
DA:12,0
DA:13,0
DA:18,0
DA:19,0
DA:20,0
DA:23,0
DA:26,0
DA:31,0
DA:35,0
DA:41,0
DA:42,0
LF:12
LH:1
BRDA:42,0,0,0
BRDA:42,0,1,0
BRF:2
BRH:0
end_of_record
TN:
SF:/Users/eillihn/WebstormProjects/Angular-9-2020/src/app/core/services/orders.config.ts
FN:5,(anonymous_0)
FNF:1
FNH:0
FNDA:0,(anonymous_0)
DA:3,1
DA:5,0
LF:2
LH:1
BRF:0
BRH:0
end_of_record
TN:
SF:/Users/eillihn/WebstormProjects/Angular-9-2020/src/app/core/services/product-communicator.service.ts
FN:8,(anonymous_0)
FN:13,(anonymous_1)
FNF:2
FNH:0
FNDA:0,(anonymous_0)
FNDA:0,(anonymous_1)
DA:8,1
DA:9,0
DA:11,0
DA:14,0
LF:4
LH:1
BRF:0
BRH:0
end_of_record
TN:
SF:/Users/eillihn/WebstormProjects/Angular-9-2020/src/app/core/services/products.config.ts
FN:5,(anonymous_0)
FNF:1
FNH:0
FNDA:0,(anonymous_0)
DA:3,1
DA:5,0
LF:2
LH:1
BRF:0
BRH:0
end_of_record
TN:
SF:/Users/eillihn/WebstormProjects/Angular-9-2020/src/app/core/services/product/products.service.ts
FN:13,(anonymous_0)
FN:19,(anonymous_1)
FN:30,(anonymous_2)
FN:37,(anonymous_3)
FN:48,(anonymous_4)
FN:59,(anonymous_5)
FN:61,(anonymous_6)
FN:64,(anonymous_7)
FNF:8
FNH:8
FNDA:10,(anonymous_0)
FNDA:3,(anonymous_1)
FNDA:2,(anonymous_2)
FNDA:2,(anonymous_3)
FNDA:2,(anonymous_4)
FNDA:2,(anonymous_5)
FNDA:1,(anonymous_6)
FNDA:5,(anonymous_7)
DA:12,1
DA:14,10
DA:15,10
DA:20,3
DA:31,2
DA:32,2
DA:38,2
DA:39,2
DA:40,2
DA:43,2
DA:49,2
DA:50,2
DA:51,2
DA:54,2
DA:60,2
DA:61,2
DA:65,5
DA:66,3
DA:68,2
DA:72,5
LF:20
LH:20
BRDA:65,0,0,3
BRDA:65,0,1,2
BRF:2
BRH:2
end_of_record
TN:
SF:/Users/eillihn/WebstormProjects/Angular-9-2020/src/app/layout/index.ts
FNF:0
FNH:0
LF:0
LH:0
BRF:0
BRH:0
end_of_record
TN:
SF:/Users/eillihn/WebstormProjects/Angular-9-2020/src/app/layout/layout.module.ts
FNF:0
FNH:0
DA:18,1
LF:1
LH:1
BRF:0
BRH:0
end_of_record
TN:
SF:/Users/eillihn/WebstormProjects/Angular-9-2020/src/app/layout/components/index.ts
FNF:0
FNH:0
LF:0
LH:0
BRF:0
BRH:0
end_of_record
TN:
SF:/Users/eillihn/WebstormProjects/Angular-9-2020/src/app/layout/components/about/about.component.ts
FN:30,(anonymous_0)
FN:39,(anonymous_1)
FNF:2
FNH:0
FNDA:0,(anonymous_0)
FNDA:0,(anonymous_1)
DA:29,1
DA:31,0
DA:32,0
DA:33,0
DA:34,0
DA:35,0
DA:40,0
DA:42,0
DA:47,0
LF:9
LH:1
BRF:0
BRH:0
end_of_record
TN:
SF:/Users/eillihn/WebstormProjects/Angular-9-2020/src/app/layout/components/first/first.component.ts
FN:3,(anonymous_0)
FN:21,(anonymous_1)
FN:24,(anonymous_2)
FNF:3
FNH:1
FNDA:1,(anonymous_0)
FNDA:0,(anonymous_1)
FNDA:0,(anonymous_2)
DA:3,1
DA:4,1
DA:5,1
DA:13,1
DA:14,0
DA:15,0
DA:16,0
DA:17,0
DA:18,0
DA:19,0
LF:10
LH:4
BRDA:3,0,0,1
BRDA:3,0,1,1
BRF:2
BRH:2
end_of_record
TN:
SF:/Users/eillihn/WebstormProjects/Angular-9-2020/src/app/layout/components/header/header.component.ts
FN:14,(anonymous_0)
FN:17,(anonymous_1)
FN:22,(anonymous_2)
FN:27,(anonymous_3)
FNF:4
FNH:3
FNDA:1,(anonymous_0)
FNDA:1,(anonymous_1)
FNDA:1,(anonymous_2)
FNDA:0,(anonymous_3)
DA:11,1
DA:14,1
DA:18,1
DA:19,1
DA:23,1
DA:28,0
DA:29,0
LF:7
LH:5
BRDA:29,0,0,0
BRDA:29,0,1,0
BRF:2
BRH:0
end_of_record
TN:
SF:/Users/eillihn/WebstormProjects/Angular-9-2020/src/app/layout/components/login/login.component.ts
FN:18,(anonymous_0)
FN:21,(anonymous_1)
FN:25,(anonymous_2)
FN:28,(anonymous_3)
FN:37,(anonymous_4)
FN:45,(anonymous_5)
FN:50,(anonymous_6)
FN:54,(anonymous_7)
FNF:8
FNH:0
FNDA:0,(anonymous_0)
FNDA:0,(anonymous_1)
FNDA:0,(anonymous_2)
FNDA:0,(anonymous_3)
FNDA:0,(anonymous_4)
FNDA:0,(anonymous_5)
FNDA:0,(anonymous_6)
FNDA:0,(anonymous_7)
DA:14,1
DA:16,0
DA:18,0
DA:22,0
DA:26,0
DA:27,0
DA:29,0
DA:30,0
DA:31,0
DA:34,0
DA:37,0
DA:39,0
DA:46,0
DA:47,0
DA:51,0
DA:55,0
LF:16
LH:1
BRDA:30,0,0,0
BRDA:30,0,1,0
BRDA:32,1,0,0
BRDA:32,1,1,0
BRDA:55,2,0,0
BRDA:55,2,1,0
BRF:6
BRH:0
end_of_record
TN:
SF:/Users/eillihn/WebstormProjects/Angular-9-2020/src/app/layout/components/path-not-found/path-not-found.component.ts
FN:10,(anonymous_0)
FN:13,(anonymous_1)
FNF:2
FNH:0
FNDA:0,(anonymous_0)
FNDA:0,(anonymous_1)
DA:8,1
LF:1
LH:1
BRF:0
BRH:0
end_of_record
TN:
SF:/Users/eillihn/WebstormProjects/Angular-9-2020/src/app/product/components/index.ts
FNF:0
FNH:0
LF:0
LH:0
BRF:0
BRH:0
end_of_record
TN:
SF:/Users/eillihn/WebstormProjects/Angular-9-2020/src/app/product/components/product-details/product-details.component.ts
FN:17,(anonymous_0)
FN:20,(anonymous_1)
FN:23,(anonymous_2)
FN:28,(anonymous_3)
FNF:4
FNH:0
FNDA:0,(anonymous_0)
FNDA:0,(anonymous_1)
FNDA:0,(anonymous_2)
FNDA:0,(anonymous_3)
DA:13,1
DA:14,1
DA:15,0
DA:17,0
DA:21,0
DA:24,0
DA:29,0
DA:30,0
LF:8
LH:2
BRF:0
BRH:0
end_of_record
TN:
SF:/Users/eillihn/WebstormProjects/Angular-9-2020/src/app/product/components/product-form/product-form.component.ts
FN:19,(anonymous_0)
FN:26,(anonymous_1)
FN:29,(anonymous_2)
FN:34,(anonymous_3)
FN:39,(anonymous_4)
FN:46,(anonymous_5)
FN:55,(anonymous_6)
FN:63,(anonymous_7)
FN:73,(anonymous_8)
FN:77,(anonymous_9)
FNF:10
FNH:0
FNDA:0,(anonymous_0)
FNDA:0,(anonymous_1)
FNDA:0,(anonymous_2)
FNDA:0,(anonymous_3)
FNDA:0,(anonymous_4)
FNDA:0,(anonymous_5)
FNDA:0,(anonymous_6)
FNDA:0,(anonymous_7)
FNDA:0,(anonymous_8)
FNDA:0,(anonymous_9)
DA:13,1
DA:16,0
DA:17,0
DA:20,0
DA:21,0
DA:22,0
DA:27,0
DA:30,0
DA:35,0
DA:36,0
DA:44,0
DA:45,0
DA:47,0
DA:48,0
DA:49,0
DA:51,0
DA:55,0
DA:56,0
DA:58,0
DA:64,0
DA:65,0
DA:66,0
DA:67,0
DA:69,0
DA:74,0
DA:78,0
LF:26
LH:1
BRDA:48,0,0,0
BRDA:48,0,1,0
BRDA:55,1,0,0
BRDA:55,1,1,0
BRDA:66,2,0,0
BRDA:66,2,1,0
BRF:6
BRH:0
end_of_record
TN:
SF:/Users/eillihn/WebstormProjects/Angular-9-2020/src/app/product/components/product-item/product-item.component.ts
FN:18,(anonymous_0)
FN:22,(anonymous_1)
FN:26,(anonymous_2)
FN:30,(anonymous_3)
FN:34,(anonymous_4)
FNF:5
FNH:5
FNDA:25,(anonymous_0)
FNDA:1,(anonymous_1)
FNDA:1,(anonymous_2)
FNDA:1,(anonymous_3)
FNDA:1,(anonymous_4)
DA:10,1
DA:11,1
DA:12,1
DA:13,25
DA:14,25
DA:15,25
DA:16,25
DA:23,1
DA:27,1
DA:31,1
DA:35,1
LF:11
LH:11
BRF:0
BRH:0
end_of_record
TN:
SF:/Users/eillihn/WebstormProjects/Angular-9-2020/src/app/product/components/product-list/product-list.component.ts
FN:18,(anonymous_0)
FN:25,(anonymous_1)
FN:30,(anonymous_2)
FN:37,(anonymous_3)
FN:42,(anonymous_4)
FN:47,(anonymous_5)
FNF:6
FNH:6
FNDA:7,(anonymous_0)
FNDA:7,(anonymous_1)
FNDA:2,(anonymous_2)
FNDA:1,(anonymous_3)
FNDA:1,(anonymous_4)
FNDA:1,(anonymous_5)
DA:12,1
DA:16,1
DA:19,7
DA:20,7
DA:21,7
DA:26,7
DA:27,7
DA:31,2
DA:32,2
DA:33,2
DA:34,2
DA:38,1
DA:39,1
DA:43,1
DA:44,1
DA:48,1
DA:49,1
LF:17
LH:17
BRF:0
BRH:0
end_of_record
TN:
SF:/Users/eillihn/WebstormProjects/Angular-9-2020/src/app/shared/material.module.ts
FNF:0
FNH:0
DA:27,1
LF:1
LH:1
BRF:0
BRH:0
end_of_record
TN:
SF:/Users/eillihn/WebstormProjects/Angular-9-2020/src/app/shared/shared.module.ts
FNF:0
FNH:0
DA:25,1
LF:1
LH:1
BRF:0
BRH:0
end_of_record
TN:
SF:/Users/eillihn/WebstormProjects/Angular-9-2020/src/app/shared/directives/highlight.directive.ts
FN:10,(anonymous_0)
FN:14,(anonymous_1)
FN:19,(anonymous_2)
FNF:3
FNH:0
FNDA:0,(anonymous_0)
FNDA:0,(anonymous_1)
FNDA:0,(anonymous_2)
DA:6,1
DA:8,1
DA:14,1
DA:15,0
DA:19,1
DA:20,0
LF:6
LH:4
BRF:0
BRH:0
end_of_record
TN:
SF:/Users/eillihn/WebstormProjects/Angular-9-2020/src/app/shared/directives/zoom.directive.ts
FN:9,(anonymous_0)
FN:12,(anonymous_1)
FN:17,(anonymous_2)
FNF:3
FNH:0
FNDA:0,(anonymous_0)
FNDA:0,(anonymous_1)
FNDA:0,(anonymous_2)
DA:6,1
DA:7,1
DA:9,0
DA:12,1
DA:13,0
DA:14,0
DA:18,0
LF:7
LH:3
BRDA:14,0,0,0
BRDA:14,0,1,0
BRDA:14,1,0,0
BRDA:14,1,1,0
BRF:4
BRH:0
end_of_record
TN:
SF:/Users/eillihn/WebstormProjects/Angular-9-2020/src/app/shared/pipes/index.ts
FNF:0
FNH:0
LF:0
LH:0
BRF:0
BRH:0
end_of_record
TN:
SF:/Users/eillihn/WebstormProjects/Angular-9-2020/src/app/shared/pipes/order-by/order-by.pipe.ts
FN:9,(anonymous_0)
FN:18,(anonymous_1)
FN:40,(anonymous_2)
FNF:3
FNH:3
FNDA:8,(anonymous_0)
FNDA:23,(anonymous_1)
FNDA:21,(anonymous_2)
DA:8,1
DA:14,8
DA:15,1
DA:17,7
DA:18,7
DA:19,23
DA:21,7
DA:27,7
DA:29,7
DA:35,2
DA:41,21
LF:11
LH:11
BRDA:14,0,0,1
BRDA:14,0,1,7
BRDA:20,1,0,7
BRDA:20,1,1,7
BRDA:20,1,2,7
BRDA:20,1,3,2
BRDA:41,2,0,0
BRDA:41,2,1,21
BRDA:42,3,0,6
BRDA:42,3,1,15
BRDA:42,4,0,9
BRDA:42,4,1,12
BRF:12
BRH:11
end_of_record
TN:
SF:/Users/eillihn/WebstormProjects/Angular-9-2020/src/app/shared/validators/async-email-validator.directive.ts
FN:21,(anonymous_0)
FN:25,(anonymous_1)
FN:34,(anonymous_2)
FN:37,(anonymous_3)
FN:40,(anonymous_4)
FNF:5
FNH:0
FNDA:0,(anonymous_0)
FNDA:0,(anonymous_1)
FNDA:0,(anonymous_2)
FNDA:0,(anonymous_3)
FNDA:0,(anonymous_4)
DA:18,1
DA:22,0
DA:26,0
DA:35,0
DA:38,0
DA:40,0
LF:6
LH:1
BRDA:38,0,0,0
BRDA:38,0,1,0
BRF:2
BRH:0
end_of_record
TN:
SF:/Users/eillihn/WebstormProjects/Angular-9-2020/src/app/shared/validators/validators.module.ts
FNF:0
FNH:0
DA:12,1
LF:1
LH:1
BRF:0
BRH:0
end_of_record
